<?xml version="1.0" encoding="UTF-8"?>
<!-- Generated by org.testng.reporters.JUnitXMLReporter -->
<testsuite ignored="2" hostname="DESKTOP-9TR8FUE" failures="0" tests="12" name="EcartTests" time="29.629" errors="0" timestamp="2025-07-03T16:35:56 IST">
  <testcase classname="com.ecart.tests.BaseTest" name="@BeforeMethod setUp" time="1.017">
    <failure type="java.lang.NullPointerException">
      <![CDATA[java.lang.NullPointerException
at java.base/java.util.Objects.requireNonNull(Objects.java:220)
at java.base/java.util.ImmutableCollections$Map1.<init>(ImmutableCollections.java:1114)
at java.base/java.util.Map.of(Map.java:1364)
at org.openqa.selenium.remote.DriverCommand.GET(DriverCommand.java:176)
at org.openqa.selenium.remote.RemoteWebDriver.get(RemoteWebDriver.java:312)
at com.ecart.tests.BaseTest.setUp(BaseTest.java:81)
at java.base/java.util.ArrayList.forEach(ArrayList.java:1597)
... Removed 29 stack frames]]>
    </failure>
  </testcase> <!-- @BeforeMethod setUp -->
  <testcase classname="com.ecart.tests.ProductTest" name="@BeforeMethod loginTest" time="0.0">
    <skipped/>
  </testcase> <!-- @BeforeMethod loginTest -->
  <testcase classname="com.ecart.tests.BaseTest" name="@BeforeMethod setUp" time="0.972">
    <failure type="java.lang.NullPointerException">
      <![CDATA[java.lang.NullPointerException
at java.base/java.util.Objects.requireNonNull(Objects.java:220)
at java.base/java.util.ImmutableCollections$Map1.<init>(ImmutableCollections.java:1114)
at java.base/java.util.Map.of(Map.java:1364)
at org.openqa.selenium.remote.DriverCommand.GET(DriverCommand.java:176)
at org.openqa.selenium.remote.RemoteWebDriver.get(RemoteWebDriver.java:312)
at com.ecart.tests.BaseTest.setUp(BaseTest.java:81)
at java.base/java.util.ArrayList.forEach(ArrayList.java:1597)
... Removed 29 stack frames]]>
    </failure>
  </testcase> <!-- @BeforeMethod setUp -->
  <testcase classname="com.ecart.tests.ProductTest" name="@BeforeMethod loginTest" time="0.0">
    <skipped/>
  </testcase> <!-- @BeforeMethod loginTest -->
  <testcase classname="com.ecart.tests.BaseTest" name="@BeforeMethod setUp" time="0.981">
    <failure type="java.lang.NullPointerException">
      <![CDATA[java.lang.NullPointerException
at java.base/java.util.Objects.requireNonNull(Objects.java:220)
at java.base/java.util.ImmutableCollections$Map1.<init>(ImmutableCollections.java:1114)
at java.base/java.util.Map.of(Map.java:1364)
at org.openqa.selenium.remote.DriverCommand.GET(DriverCommand.java:176)
at org.openqa.selenium.remote.RemoteWebDriver.get(RemoteWebDriver.java:312)
at com.ecart.tests.BaseTest.setUp(BaseTest.java:81)
at java.base/java.util.ArrayList.forEach(ArrayList.java:1597)
... Removed 29 stack frames]]>
    </failure>
  </testcase> <!-- @BeforeMethod setUp -->
  <testcase classname="com.ecart.tests.ProductTest" name="@BeforeMethod loginTest" time="0.0">
    <skipped/>
  </testcase> <!-- @BeforeMethod loginTest -->
  <testcase classname="com.ecart.tests.BaseTest" name="@BeforeMethod setUp" time="0.977">
    <failure type="java.lang.NullPointerException">
      <![CDATA[java.lang.NullPointerException
at java.base/java.util.Objects.requireNonNull(Objects.java:220)
at java.base/java.util.ImmutableCollections$Map1.<init>(ImmutableCollections.java:1114)
at java.base/java.util.Map.of(Map.java:1364)
at org.openqa.selenium.remote.DriverCommand.GET(DriverCommand.java:176)
at org.openqa.selenium.remote.RemoteWebDriver.get(RemoteWebDriver.java:312)
at com.ecart.tests.BaseTest.setUp(BaseTest.java:81)
at java.base/java.util.ArrayList.forEach(ArrayList.java:1597)
... Removed 29 stack frames]]>
    </failure>
  </testcase> <!-- @BeforeMethod setUp -->
  <testcase classname="com.ecart.tests.ProductTest" name="@BeforeMethod loginTest" time="0.0">
    <skipped/>
  </testcase> <!-- @BeforeMethod loginTest -->
  <testcase classname="com.ecart.tests.BaseTest" name="@BeforeMethod setUp" time="1.145">
    <failure type="java.lang.NullPointerException">
      <![CDATA[java.lang.NullPointerException
at java.base/java.util.Objects.requireNonNull(Objects.java:220)
at java.base/java.util.ImmutableCollections$Map1.<init>(ImmutableCollections.java:1114)
at java.base/java.util.Map.of(Map.java:1364)
at org.openqa.selenium.remote.DriverCommand.GET(DriverCommand.java:176)
at org.openqa.selenium.remote.RemoteWebDriver.get(RemoteWebDriver.java:312)
at com.ecart.tests.BaseTest.setUp(BaseTest.java:81)
at java.base/java.util.ArrayList.forEach(ArrayList.java:1597)
... Removed 29 stack frames]]>
    </failure>
  </testcase> <!-- @BeforeMethod setUp -->
  <testcase classname="com.ecart.tests.ProductTest" name="@BeforeMethod loginTest" time="0.0">
    <skipped/>
  </testcase> <!-- @BeforeMethod loginTest -->
  <testcase classname="com.ecart.tests.BaseTest" name="@BeforeMethod setUp" time="0.87">
    <failure type="java.lang.NullPointerException">
      <![CDATA[java.lang.NullPointerException
at java.base/java.util.Objects.requireNonNull(Objects.java:220)
at java.base/java.util.ImmutableCollections$Map1.<init>(ImmutableCollections.java:1114)
at java.base/java.util.Map.of(Map.java:1364)
at org.openqa.selenium.remote.DriverCommand.GET(DriverCommand.java:176)
at org.openqa.selenium.remote.RemoteWebDriver.get(RemoteWebDriver.java:312)
at com.ecart.tests.BaseTest.setUp(BaseTest.java:81)
at java.base/java.util.ArrayList.forEach(ArrayList.java:1597)
... Removed 29 stack frames]]>
    </failure>
  </testcase> <!-- @BeforeMethod setUp -->
  <testcase classname="com.ecart.tests.ProductTest" name="@BeforeMethod loginTest" time="0.0">
    <skipped/>
  </testcase> <!-- @BeforeMethod loginTest -->
  <testcase classname="com.ecart.tests.BaseTest" name="@BeforeMethod setUp" time="0.873">
    <failure type="java.lang.NullPointerException">
      <![CDATA[java.lang.NullPointerException
at java.base/java.util.Objects.requireNonNull(Objects.java:220)
at java.base/java.util.ImmutableCollections$Map1.<init>(ImmutableCollections.java:1114)
at java.base/java.util.Map.of(Map.java:1364)
at org.openqa.selenium.remote.DriverCommand.GET(DriverCommand.java:176)
at org.openqa.selenium.remote.RemoteWebDriver.get(RemoteWebDriver.java:312)
at com.ecart.tests.BaseTest.setUp(BaseTest.java:81)
at java.base/java.util.ArrayList.forEach(ArrayList.java:1597)
... Removed 29 stack frames]]>
    </failure>
  </testcase> <!-- @BeforeMethod setUp -->
  <testcase classname="com.ecart.tests.CheckoutTest" name="@BeforeMethod loginTest" time="0.0">
    <skipped/>
  </testcase> <!-- @BeforeMethod loginTest -->
  <testcase classname="com.ecart.tests.BaseTest" name="@BeforeMethod setUp" time="0.921">
    <failure type="java.lang.NullPointerException">
      <![CDATA[java.lang.NullPointerException
at java.base/java.util.Objects.requireNonNull(Objects.java:220)
at java.base/java.util.ImmutableCollections$Map1.<init>(ImmutableCollections.java:1114)
at java.base/java.util.Map.of(Map.java:1364)
at org.openqa.selenium.remote.DriverCommand.GET(DriverCommand.java:176)
at org.openqa.selenium.remote.RemoteWebDriver.get(RemoteWebDriver.java:312)
at com.ecart.tests.BaseTest.setUp(BaseTest.java:81)
at java.base/java.util.ArrayList.forEach(ArrayList.java:1597)
... Removed 29 stack frames]]>
    </failure>
  </testcase> <!-- @BeforeMethod setUp -->
  <testcase classname="com.ecart.tests.CheckoutTest" name="@BeforeMethod loginTest" time="0.0">
    <skipped/>
  </testcase> <!-- @BeforeMethod loginTest -->
  <testcase classname="com.ecart.tests.LoginTest" name="validateLogin" time="0.505"/>
  <testcase classname="com.ecart.tests.LoginTest" name="invalidPasswordLogin" time="0.472"/>
  <testcase classname="com.ecart.tests.LoginTest" name="invalidUsernameLogin" time="0.434"/>
  <testcase classname="com.ecart.tests.LoginTest" name="invalidUsernameAndPasswordLogin" time="0.515"/>
  <testcase classname="com.ecart.tests.ProductTest" name="validateProductsList" time="0.0">
    <skipped/>
  </testcase> <!-- validateProductsList -->
  <testcase classname="com.ecart.tests.ProductTest" name="validateSortFunctionalitySortByNameAscending" time="0.0">
    <skipped/>
  </testcase> <!-- validateSortFunctionalitySortByNameAscending -->
  <testcase classname="com.ecart.tests.ProductTest" name="validateSortFunctionalitySortByNameDescending" time="0.0">
    <skipped/>
  </testcase> <!-- validateSortFunctionalitySortByNameDescending -->
  <testcase classname="com.ecart.tests.ProductTest" name="validateSortFunctionalitySortByValueAscending" time="0.0">
    <skipped/>
  </testcase> <!-- validateSortFunctionalitySortByValueAscending -->
  <testcase classname="com.ecart.tests.ProductTest" name="validateSortFunctionalitySortByValueDecending" time="0.0">
    <skipped/>
  </testcase> <!-- validateSortFunctionalitySortByValueDecending -->
  <testcase classname="com.ecart.tests.ProductTest" name="addProductsInCart" time="0.001">
    <skipped/>
  </testcase> <!-- addProductsInCart -->
  <testcase classname="com.ecart.tests.CheckoutTest" name="removeProductsFromCart" time="0.0">
    <skipped/>
  </testcase> <!-- removeProductsFromCart -->
  <testcase classname="com.ecart.tests.CheckoutTest" name="validateCalculation" time="0.001">
    <skipped/>
  </testcase> <!-- validateCalculation -->
  <testcase classname="com.ecart.tests.BaseTest" name="@BeforeSuite setUpData" time="0.0">
    <ignored/>
  </testcase> <!-- @BeforeSuite setUpData -->
  <testcase classname="com.ecart.tests.BaseTest" name="@BeforeSuite setUpData" time="0.0">
    <ignored/>
  </testcase> <!-- @BeforeSuite setUpData -->
</testsuite> <!-- EcartTests -->
